<?xml version="1.0" encoding="UTF-8"?>
<!-- Generated by org.testng.reporters.JUnitXMLReporter -->
<testsuite hostname="YP1007518DT" ignored="4" name="Regression" tests="9" failures="3" timestamp="29 Nov 2018 11:32:54 GMT" time="0.075" errors="0">
  <testcase name="Demo" time="0.005" classname="test.day1">
    <failure type="java.lang.AssertionError" message="expected [true] but found [false]">
      <![CDATA[java.lang.AssertionError: expected [true] but found [false]
at test.day1.Demo(day1.java:22)
... Removed 29 stack frames]]>
    </failure>
  </testcase> <!-- Demo -->
  <testcase name="SecondTest" time="0.001" classname="test.day1"/>
  <testcase name="LoginAPIHomeLoan" time="0.001" classname="test.day4"/>
  <testcase name="WebloginHomeLoan" time="0.0" classname="test.day4">
    <failure type="org.testng.TestNGException" message="
Parameter &amp;apos;URL&amp;apos; is required by @Test on method WebloginHomeLoan but has not been marked @Optional or defined
in C:\Users\sweta.ranjan\Desktop\TestNG Report\26-Sept-2018\TestNGTutorial\testng3.xml">
      <![CDATA[org.testng.TestNGException: 
Parameter 'URL' is required by @Test on method WebloginHomeLoan but has not been marked @Optional or defined
in C:\Users\sweta.ranjan\Desktop\TestNG Report\26-Sept-2018\TestNGTutorial\testng3.xml
... Removed 24 stack frames]]>
    </failure>
  </testcase> <!-- WebloginHomeLoan -->
  <testcase name="MobilesignoutcarLoan" time="0.001" classname="test.day3"/>
  <testcase name="MobilesignoutcarLoan" time="0.001" classname="test.day3"/>
  <testcase name="MobilesignoutcarLoan" time="0.0" classname="test.day3"/>
  <testcase name="WebloginCarLoan" time="0.0" classname="test.day3">
    <failure type="org.testng.TestNGException" message="
Parameter &amp;apos;URL&amp;apos; is required by @Test on method WebloginCarLoan but has not been marked @Optional or defined
in C:\Users\sweta.ranjan\Desktop\TestNG Report\26-Sept-2018\TestNGTutorial\testng3.xml">
      <![CDATA[org.testng.TestNGException: 
Parameter 'URL' is required by @Test on method WebloginCarLoan but has not been marked @Optional or defined
in C:\Users\sweta.ranjan\Desktop\TestNG Report\26-Sept-2018\TestNGTutorial\testng3.xml
... Removed 24 stack frames]]>
    </failure>
  </testcase> <!-- WebloginCarLoan -->
  <testcase name="APIcarLoan" time="0.0" classname="test.day3">
    <skipped/>
  </testcase> <!-- APIcarLoan -->
  <testcase name="ploan" time="0.0" classname="test.day2">
    <ignored/>
  </testcase> <!-- ploan -->
  <testcase name="MobileLogincarLoan" time="0.0" classname="test.day3">
    <ignored/>
  </testcase> <!-- MobileLogincarLoan -->
  <testcase name="MobileLoginHomeLoan" time="0.0" classname="test.day4">
    <ignored/>
  </testcase> <!-- MobileLoginHomeLoan -->
  <testcase name="MobilesignimcarLoan" time="0.0" classname="test.day3">
    <ignored/>
  </testcase> <!-- MobilesignimcarLoan -->
</testsuite> <!-- Regression -->
